<?xml version="1.0" encoding="UTF-8"?>
<testsuite xmlns:xsi="http://www.w3.org/2001/XMLSchema-instance" xsi:noNamespaceSchemaLocation="https://maven.apache.org/surefire/maven-surefire-plugin/xsd/surefire-test-report-3.0.xsd" version="3.0" name="com.example.ToDoList.ToDoListApplicationTests" time="4.028" tests="1" errors="0" skipped="0" failures="0">
  <properties>
[...]
</properties>
  <testcase name="contextLoads" classname="com.example.ToDoList.ToDoListApplicationTests" time="0.806">
    <system-out><![CDATA[21:27:43.258 [main] INFO org.springframework.test.context.support.AnnotationConfigContextLoaderUtils -- Could not detect default configuration classes for test class [com.example.ToDoList.ToDoListApplicationTests]: ToDoListApplicationTests does not declare any static, non-private, non-final, nested classes annotated with @Configuration.
21:27:43.361 [main] INFO org.springframework.boot.test.context.SpringBootTestContextBootstrapper -- Found @SpringBootConfiguration com.example.ToDoList.ToDoListApplication for test class com.example.ToDoList.ToDoListApplicationTests

  .   ____          _            __ _ _
 /\\ / ___'_ __ _ _(_)_ __  __ _ \ \ \ \
( ( )\___ | '_ | '_| | '_ \/ _` | \ \ \ \
 \\/  ___)| |_)| | | | | || (_| |  ) ) ) )
  '  |____| .__|_| |_|_| |_\__, | / / / /
 =========|_|==============|___/=/_/_/_/

 :: Spring Boot ::                (v3.3.1)

2024-08-17T21:27:43.732+05:30  INFO 490909 --- [ToDoList] [           main] c.e.ToDoList.ToDoListApplicationTests    : Starting ToDoListApplicationTests using Java 21.0.4 with PID 490909 (started by shashanknadikatla in /home/shashanknadikatla/Downloads/Practice/heroku/Github Repos/todo-spring)
2024-08-17T21:27:43.734+05:30  INFO 490909 --- [ToDoList] [           main] c.e.ToDoList.ToDoListApplicationTests    : No active profile set, falling back to 1 default profile: "default"
2024-08-17T21:27:44.322+05:30  INFO 490909 --- [ToDoList] [           main] .s.d.r.c.RepositoryConfigurationDelegate : Bootstrapping Spring Data MongoDB repositories in DEFAULT mode.
2024-08-17T21:27:44.366+05:30  INFO 490909 --- [ToDoList] [           main] .s.d.r.c.RepositoryConfigurationDelegate : Finished Spring Data repository scanning in 40 ms. Found 1 MongoDB repository interface.
2024-08-17T21:27:45.111+05:30  INFO 490909 --- [ToDoList] [           main] org.mongodb.driver.client                : MongoClient with metadata {"driver": {"name": "mongo-java-driver|sync|spring-boot", "version": "5.0.1"}, "os": {"type": "Linux", "name": "Linux", "architecture": "amd64", "version": "6.8.0-40-generic"}, "platform": "Java/Ubuntu/21.0.4+7-Ubuntu-1ubuntu222.04"} created with settings MongoClientSettings{readPreference=primary, writeConcern=WriteConcern{w=majority, wTimeout=null ms, journal=null}, retryWrites=true, retryReads=true, readConcern=ReadConcern{level=null}, credential=MongoCredential{mechanism=null, userName='ryukxhost', source='admin', password=<hidden>, mechanismProperties=<hidden>}, transportSettings=null, commandListeners=[], codecRegistry=ProvidersCodecRegistry{codecProviders=[ValueCodecProvider{}, BsonValueCodecProvider{}, DBRefCodecProvider{}, DBObjectCodecProvider{}, DocumentCodecProvider{}, CollectionCodecProvider{}, IterableCodecProvider{}, MapCodecProvider{}, GeoJsonCodecProvider{}, GridFSFileCodecProvider{}, Jsr310CodecProvider{}, JsonObjectCodecProvider{}, BsonCodecProvider{}, EnumCodecProvider{}, com.mongodb.client.model.mql.ExpressionCodecProvider@6bfaa0a6, com.mongodb.Jep395RecordCodecProvider@76e9f00b, com.mongodb.KotlinCodecProvider@314b9e4b]}, loggerSettings=LoggerSettings{maxDocumentLength=1000}, clusterSettings={hosts=[127.0.0.1:27017], srvHost=ryukcluster.f3pmi4m.mongodb.net, srvServiceName=mongodb, mode=MULTIPLE, requiredClusterType=REPLICA_SET, requiredReplicaSetName='atlas-awv4dw-shard-0', serverSelector='null', clusterListeners='[]', serverSelectionTimeout='30000 ms', localThreshold='15 ms'}, socketSettings=SocketSettings{connectTimeoutMS=10000, readTimeoutMS=0, receiveBufferSize=0, proxySettings=ProxySettings{host=null, port=null, username=null, password=null}}, heartbeatSocketSettings=SocketSettings{connectTimeoutMS=10000, readTimeoutMS=10000, receiveBufferSize=0, proxySettings=ProxySettings{host=null, port=null, username=null, password=null}}, connectionPoolSettings=ConnectionPoolSettings{maxSize=100, minSize=0, maxWaitTimeMS=120000, maxConnectionLifeTimeMS=0, maxConnectionIdleTimeMS=0, maintenanceInitialDelayMS=0, maintenanceFrequencyMS=60000, connectionPoolListeners=[], maxConnecting=2}, serverSettings=ServerSettings{heartbeatFrequencyMS=10000, minHeartbeatFrequencyMS=500, serverListeners='[]', serverMonitorListeners='[]'}, sslSettings=SslSettings{enabled=true, invalidHostNameAllowed=false, context=null}, applicationName='null', compressorList=[], uuidRepresentation=JAVA_LEGACY, serverApi=null, autoEncryptionSettings=null, dnsClient=null, inetAddressResolver=null, contextProvider=null}
2024-08-17T21:27:45.437+05:30  INFO 490909 --- [ToDoList] [i4m.mongodb.net] org.mongodb.driver.cluster               : Adding discovered server ac-re6hxye-shard-00-00.f3pmi4m.mongodb.net:27017 to client view of cluster
2024-08-17T21:27:45.465+05:30  INFO 490909 --- [ToDoList] [i4m.mongodb.net] org.mongodb.driver.cluster               : Adding discovered server ac-re6hxye-shard-00-01.f3pmi4m.mongodb.net:27017 to client view of cluster
2024-08-17T21:27:45.470+05:30  INFO 490909 --- [ToDoList] [i4m.mongodb.net] org.mongodb.driver.cluster               : Adding discovered server ac-re6hxye-shard-00-02.f3pmi4m.mongodb.net:27017 to client view of cluster
2024-08-17T21:27:46.268+05:30  INFO 490909 --- [ToDoList] [           main] c.e.ToDoList.ToDoListApplicationTests    : Started ToDoListApplicationTests in 2.784 seconds (process running for 3.648)
2024-08-17T21:27:46.389+05:30  INFO 490909 --- [ToDoList] [ngodb.net:27017] org.mongodb.driver.cluster               : Monitor thread successfully connected to server with description ServerDescription{address=ac-re6hxye-shard-00-01.f3pmi4m.mongodb.net:27017, type=REPLICA_SET_SECONDARY, state=CONNECTED, ok=true, minWireVersion=0, maxWireVersion=21, maxDocumentSize=16777216, logicalSessionTimeoutMinutes=30, roundTripTimeNanos=428743029, setName='atlas-awv4dw-shard-0', canonicalAddress=ac-re6hxye-shard-00-01.f3pmi4m.mongodb.net:27017, hosts=[ac-re6hxye-shard-00-00.f3pmi4m.mongodb.net:27017, ac-re6hxye-shard-00-01.f3pmi4m.mongodb.net:27017, ac-re6hxye-shard-00-02.f3pmi4m.mongodb.net:27017], passives=[], arbiters=[], primary='ac-re6hxye-shard-00-02.f3pmi4m.mongodb.net:27017', tagSet=TagSet{[Tag{name='availabilityZone', value='aps1-az3'}, Tag{name='diskState', value='READY'}, Tag{name='nodeType', value='ELECTABLE'}, Tag{name='provider', value='AWS'}, Tag{name='region', value='AP_SOUTH_1'}, Tag{name='workloadType', value='OPERATIONAL'}]}, electionId=null, setVersion=49, topologyVersion=TopologyVersion{processId=66ba51a56eda3263b7aa39d9, counter=5}, lastWriteDate=Sat Aug 17 21:27:46 IST 2024, lastUpdateTimeNanos=52322401444856}
2024-08-17T21:27:46.389+05:30  INFO 490909 --- [ToDoList] [ngodb.net:27017] org.mongodb.driver.cluster               : Monitor thread successfully connected to server with description ServerDescription{address=ac-re6hxye-shard-00-02.f3pmi4m.mongodb.net:27017, type=REPLICA_SET_PRIMARY, state=CONNECTED, ok=true, minWireVersion=0, maxWireVersion=21, maxDocumentSize=16777216, logicalSessionTimeoutMinutes=30, roundTripTimeNanos=419551570, setName='atlas-awv4dw-shard-0', canonicalAddress=ac-re6hxye-shard-00-02.f3pmi4m.mongodb.net:27017, hosts=[ac-re6hxye-shard-00-00.f3pmi4m.mongodb.net:27017, ac-re6hxye-shard-00-01.f3pmi4m.mongodb.net:27017, ac-re6hxye-shard-00-02.f3pmi4m.mongodb.net:27017], passives=[], arbiters=[], primary='ac-re6hxye-shard-00-02.f3pmi4m.mongodb.net:27017', tagSet=TagSet{[Tag{name='availabilityZone', value='aps1-az2'}, Tag{name='diskState', value='READY'}, Tag{name='nodeType', value='ELECTABLE'}, Tag{name='provider', value='AWS'}, Tag{name='region', value='AP_SOUTH_1'}, Tag{name='workloadType', value='OPERATIONAL'}]}, electionId=7fffffff000000000000003c, setVersion=49, topologyVersion=TopologyVersion{processId=66ba4f6727281f085c59fb56, counter=9}, lastWriteDate=Sat Aug 17 21:27:46 IST 2024, lastUpdateTimeNanos=52322401437298}
2024-08-17T21:27:46.389+05:30  INFO 490909 --- [ToDoList] [ngodb.net:27017] org.mongodb.driver.cluster               : Monitor thread successfully connected to server with description ServerDescription{address=ac-re6hxye-shard-00-00.f3pmi4m.mongodb.net:27017, type=REPLICA_SET_SECONDARY, state=CONNECTED, ok=true, minWireVersion=0, maxWireVersion=21, maxDocumentSize=16777216, logicalSessionTimeoutMinutes=30, roundTripTimeNanos=429794963, setName='atlas-awv4dw-shard-0', canonicalAddress=ac-re6hxye-shard-00-00.f3pmi4m.mongodb.net:27017, hosts=[ac-re6hxye-shard-00-00.f3pmi4m.mongodb.net:27017, ac-re6hxye-shard-00-01.f3pmi4m.mongodb.net:27017, ac-re6hxye-shard-00-02.f3pmi4m.mongodb.net:27017], passives=[], arbiters=[], primary='ac-re6hxye-shard-00-02.f3pmi4m.mongodb.net:27017', tagSet=TagSet{[Tag{name='availabilityZone', value='aps1-az1'}, Tag{name='diskState', value='READY'}, Tag{name='nodeType', value='ELECTABLE'}, Tag{name='provider', value='AWS'}, Tag{name='region', value='AP_SOUTH_1'}, Tag{name='workloadType', value='OPERATIONAL'}]}, electionId=null, setVersion=49, topologyVersion=TopologyVersion{processId=66ba505eb9b0ef6e55239882, counter=5}, lastWriteDate=Sat Aug 17 21:27:46 IST 2024, lastUpdateTimeNanos=52322402497935}
2024-08-17T21:27:46.397+05:30  INFO 490909 --- [ToDoList] [ngodb.net:27017] org.mongodb.driver.cluster               : Discovered replica set primary ac-re6hxye-shard-00-02.f3pmi4m.mongodb.net:27017 with max election id 7fffffff000000000000003c and max set version 49
]]></system-out>
    <system-err><![CDATA[WARNING: A Java agent has been loaded dynamically (/home/shashanknadikatla/.m2/repository/net/bytebuddy/byte-buddy-agent/1.14.17/byte-buddy-agent-1.14.17.jar)
WARNING: If a serviceability tool is in use, please run with -XX:+EnableDynamicAgentLoading to hide this warning
WARNING: If a serviceability tool is not in use, please run with -Djdk.instrument.traceUsage for more information
WARNING: Dynamic loading of agents will be disallowed by default in a future release
]]></system-err>
  </testcase>
</testsuite>